Calculadora/build/intermediates/manifest_merge_blame_file/release/manifest-merger-blame-release-report.txt
1<?xml version="1.0" encoding="utf-8"?>
2<manifest xmlns:android="http://schemas.android.com/apk/res/android"
3    package="com.calculadora.br"
4    android:versionCode="1"
5    android:versionName="1.0" >
6
7    <uses-sdk
8        android:minSdkVersion="17"
8-->src\main\AndroidManifest.xml
9        android:targetSdkVersion="28" />
9-->src\main\AndroidManifest.xml
10
11    <application
11-->src\main\AndroidManifest.xml:6:5-14:19
12        android:appComponentFactory="android.support.v4.app.CoreComponentFactory"
12-->[com.android.support:support-compat:28.0.0] AndroidManifest.xml:22:18-91
13        android:icon="@drawable/ic_launcher"
13-->src\main\AndroidManifest.xml:6:51-87
14        android:label="@string/app_name" >
14-->src\main\AndroidManifest.xml:6:18-50
15        <activity
15-->src\main\AndroidManifest.xml:7:9-13:20
16            android:name="com.calculadora.br.MainActivity"
16-->src\main\AndroidManifest.xml:7:19-46
17            android:label="@string/app_name" >
17-->src\main\AndroidManifest.xml:8:19-51
18            <intent-filter>
18-->src\main\AndroidManifest.xml:9:13-12:29
19                <action android:name="android.intent.action.MAIN" />
19-->src\main\AndroidManifest.xml:10:17-69
19-->src\main\AndroidManifest.xml:10:25-66
20
21                <category android:name="android.intent.category.LAUNCHER" />
21-->src\main\AndroidManifest.xml:11:17-77
21-->src\main\AndroidManifest.xml:11:27-74
22            </intent-filter>
23        </activity>
24
25        <provider
25-->[android.arch.lifecycle:extensions:1.1.1] AndroidManifest.xml:23:9-27:43
26            android:name="android.arch.lifecycle.ProcessLifecycleOwnerInitializer"
26-->[android.arch.lifecycle:extensions:1.1.1] AndroidManifest.xml:24:13-83
27            android:authorities="com.calculadora.br.lifecycle-trojan"
27-->[android.arch.lifecycle:extensions:1.1.1] AndroidManifest.xml:25:13-68
28            android:exported="false"
28-->[android.arch.lifecycle:extensions:1.1.1] AndroidManifest.xml:26:13-37
29            android:multiprocess="true" />
29-->[android.arch.lifecycle:extensions:1.1.1] AndroidManifest.xml:27:13-40
30    </application>
31
32</manifest>